episode;steps;reward;average
0;130;-387.8513712819068;-387.8513712819068
1;78;-107.53724229064977;-247.69430678627828
2;119;-412.8643166883317;-302.7509767536294
3;183;-303.3975473607723;-302.9126194054151
4;92;-580.4661314103073;-358.4233218063936
5;108;-401.1055355732656;-365.53702410087226
6;91;-108.28934680112239;-328.7873559151937
7;119;-34.149548540711905;-291.9576299933835
8;212;-326.2331697209106;-295.76602329644203
9;128;-299.0188932872728;-296.09131029552515
10;116;-89.95287596778662;-277.3514526293671
11;119;-164.70218910722633;-267.964014002522
12;146;-134.5665717297447;-257.70267228923143
13;185;-17.923590808639602;-240.57559504061777
14;156;-162.96412188977945;-235.40149683056188
15;246;-58.15972330068955;-224.32388598494484
16;325;-282.70566873074074;-227.75810849940342
17;140;-117.03400843714783;-221.6067696070559
18;108;-300.1425719660383;-225.74023288910757
19;208;-222.36169662236296;-225.57130607577034
20;378;-94.58383364621851;-219.3338073886488
21;164;-3.0753920606434377;-209.503879419194
22;246;-84.30089122058263;-204.06027123664566
23;320;-92.25121432477486;-199.40156053198447
24;150;-171.87842914507826;-198.30063527650822
25;750;-116.66282746027326;-195.16071959126842
26;750;8.298375938200095;-187.62519753462144
27;750;63.156084264325656;-178.66872318465903
28;268;-53.215919453213544;-174.34276443529882
29;368;6.3289490921257965;-168.32037398438467
30;279;-19.3481168809612;-163.51481730362906
31;750;84.253964242137;-155.7720428803239
32;750;-23.328005853318526;-151.75858721283888
33;750;-22.12803065975672;-147.94592378480706
34;750;-43.6259664500525;-144.96535357524263
35;750;-32.08403011773334;-141.8297612569785
36;750;130.92873081416636;-134.4579101199205
37;750;-56.53477956158381;-132.40730142101688
38;750;-93.76803282200069;-131.41655094411902
39;750;-68.6079447171206;-129.84633578844412
40;750;-59.54846232545624;-128.13175350885905
41;750;-40.03861085938358;-126.03429773149058
42;750;-7.831113017098201;-123.28538645906285
43;750;-51.69985776317091;-121.6584426250653
44;750;-51.289277278571895;-120.09468339514322
45;750;-9.113540120780014;-117.68204984570056
46;750;-72.92378340022421;-116.72974630430744
47;750;-53.626058539439015;-115.41508614253935
48;750;-33.20010774968495;-113.73722944064437
49;750;-9.636067846823174;-111.65520620876796
50;750;-52.45528917170566;-110.49442352176673
51;750;-58.91745294562324;-109.50255870299475
52;750;-22.97383099335236;-107.86994119903923
53;750;-14.396101609181535;-106.13894416959744
54;750;-28.407518098864042;-104.72564551376591
55;750;-70.50254692180313;-104.11451875319513
56;750;-41.64244799019632;-103.018517511739
57;750;-28.621704145115846;-101.73581383300412
58;750;-39.50687607726679;-100.68108607443229
59;750;-72.12231425427987;-100.20510654409641
60;750;-3.0896196635880777;-98.61304938212085
61;750;-8.986492515191266;-97.1674597552349
62;750;-4.234013218201114;-95.69232568321848
63;750;-2.9515687482205863;-94.24325135610917
64;750;-60.95846800090563;-93.73117776602912
65;750;4.008613525080186;-92.25027183737595
66;750;-49.33757095926079;-91.60978376456826
67;750;-21.65950859447372;-90.58110324736099
68;750;-22.992709681277173;-89.60156131162064
69;750;25.455986984845175;-87.95788205024255
70;750;5.445232487905697;-86.64234522576159
71;750;0.1890093032317935;-85.43635419063668
72;750;-40.778824861338585;-84.82460721352301
73;750;11.004168458461715;-83.52962375849619
74;750;52.23250084274759;-81.71946209714626
75;750;19.595868659113872;-80.38636563982705
76;750;12.844887469340955;-79.17557014490279
77;750;89.46958255323914;-77.01345280261891
78;750;2.940490898624354;-76.00137756589432
79;750;19.587274384635403;-74.80651941651271
80;541;224.06033127067806;-71.116805210498
81;750;93.14105692195926;-69.1136605503461
82;750;5.207881288171282;-68.21822028723143
83;750;18.89870103335188;-67.18111408103401
84;750;45.906699205893375;-65.85066921883487
85;750;-20.74042072190758;-65.32613144561478
86;750;43.33876759776259;-64.07710961752998
87;750;-28.67913073663106;-63.674859857519756
88;750;-7.14354788924232;-63.039676576977314
89;750;59.97782227979756;-61.67281547856871
90;750;51.590004728792;-60.42816910266364
91;750;40.045802345427;-59.33606071735831
92;750;24.27421433903808;-58.43702550169814
93;750;-32.42207906055516;-58.16027075232427
94;750;65.4778593130338;-56.85881675163629
95;750;16.3289824183997;-56.096443843615084
96;750;22.897480913132213;-55.282073485298106
97;750;42.120028535208284;-54.28817448508886
98;750;-2.8912715911568614;-53.769013849796615
99;750;37.034303709527876;-52.86098067420337
100;750;-6.967787588424208;-49.052144837268536
101;750;15.467454733613712;-47.8220978670259
102;750;-2.047844470401686;-43.71393314484661
103;750;24.8501397244556;-40.431456273994314
104;750;-9.327071441138502;-34.72006567430263
105;750;5.485788405207814;-30.6541524345179
106;750;5.290473366097604;-29.518354232845695
107;750;18.165151896600374;-28.995207228472573
108;750;18.006033391757033;-25.5528151973459
109;750;85.13906411930402;-21.711235623280135
110;173;-4.399762398003233;-20.855704487582297
111;750;48.758229242317114;-18.721100304086864
112;750;1.2536237933046415;-17.362898348856373
113;750;8.984143612904921;-17.09382100464093
114;750;-0.24870278957545833;-15.466666813638888
115;750;-14.718842551558158;-15.032258006147574
116;750;29.362799294210554;-11.91157332589806
117;750;16.203828157288534;-10.579194959953695
118;750;28.211225614826024;-7.295656984145053
119;120;-18.673310912902267;-5.258773127050445
120;750;27.138434165297365;-4.041550448935286
121;750;16.932486195136498;-3.8414716663774873
122;750;40.19466875840456;-2.5965160665876157
123;750;51.987087297628726;-1.1541330503635794
124;750;7.756197920276625;0.6422132202899692
125;750;0.3067986741272474;1.8119094816339743
126;750;18.428997245167942;1.9132156947036527
127;750;43.28842623365725;1.7145391143969686
128;750;23.840409116466976;2.4851024000937736
129;750;-0.3831142887232364;2.4179817662852834
130;750;24.328076045540403;2.8547436955502996
131;750;20.085725213620805;2.2130613052651373
132;750;27.833925512522498;2.724680618923548
133;750;42.30997428459115;3.3690606683670263
134;750;17.37356708712292;3.9790560037387803
135;750;13.283111324239965;4.432727418158514
136;750;38.391509660666166;3.5073552066235116
137;750;7.538659986904324;4.148089602108393
138;750;8.24459786684668;5.168215908996867
139;750;21.89398508406156;6.073235207008688
140;750;49.228780562179125;7.161007635885041
141;680;249.41080099472634;10.055501754426142
142;750;36.054003391195046;10.494352918509076
143;750;100.64321485370154;12.017783644677799
144;750;73.10808217341442;13.261757239197662
145;750;133.30570315063306;14.685949671911793
146;750;35.6575685925523;15.77176319183956
147;750;69.69214222342197;17.004945199468168
148;648;141.72438849305522;18.75419016189557
149;511;-36.59599940591389;18.484590846304663
150;740;225.1727899097035;21.260871637118754
151;750;46.64438766917253;22.31649004326671
152;750;21.87152092275667;22.7649435624278
153;439;242.98880615616244;25.338792640081238
154;600;201.4922186304382;27.63779000737426
155;750;55.0552789614533;28.893368266206824
156;750;32.22516814397918;29.632044427548582
157;750;49.41168800483439;30.412378349048087
158;750;98.92312288859651;31.796678338706716
159;457;219.55642543902871;34.7134657356398
160;378;223.74514854200388;36.98181341769572
161;750;13.163661153969265;37.20331495438733
162;341;246.2530843185075;39.70818592975442
163;415;276.7333564708856;42.50503518194548
164;369;244.48806617640105;45.559500523718555
165;744;170.72392230835453;47.22665361155129
166;398;15.70747312815952;47.877104052425494
167;403;231.39622729950392;50.40766141136527
168;477;-73.85581133007467;49.89903039487729
169;326;22.303553799053503;49.867506063019384
170;505;210.4872492804896;51.91792623094521
171;494;276.2116481303533;54.67815261921643
172;496;243.79459232033514;57.52388679103317
173;729;199.91575068998557;59.41300261334841
174;750;-5.122548912358126;58.83945211579735
175;750;6.585514223810534;58.709348571444316
176;750;28.67642507344425;58.86766394748534
177;750;18.190259664804476;58.154870718601
178;476;257.09587741284105;60.696424583743166
179;750;26.541444043395433;60.765966280330765
180;750;25.815739530340156;58.78352036292739
181;750;55.8465016860013;58.410574810567816
182;750;56.64727238638962;58.924968721549995
183;750;31.348384299131645;59.04946555420779
184;652;213.64043820441555;60.72680294419301
185;750;23.322704383746604;61.167434195249555
186;750;84.3713218597929;61.577759737869854
187;750;26.38745913669512;62.128425636603126
188;750;-10.865832623270759;62.09120278926284
189;603;201.57078099995323;63.50713237646439
190;750;61.052718479897166;63.60175951397544
191;650;206.7925313076604;65.26922680359779
192;430;234.30000599929542;67.36948472020035
193;606;-42.24742796023917;67.27123123120352
194;553;210.52912515108204;68.72174388958399
195;532;235.74635300723625;70.91591759547235
196;750;113.81610475350503;71.82510383387608
197;750;53.28638758109381;71.93676742433495
198;750;84.46445735669471;72.81032471381346
199;750;34.29438739202707;72.78292555063844
200;590;192.7412220111167;74.78001564663384
201;750;37.137141293345586;74.99671251223117
202;750;53.27956974250657;75.54998665436024
203;686;212.181804625861;77.42330330337431
204;563;256.8439262307902;80.0850132800936
205;683;155.64718161320093;81.58662721217352
206;750;76.9731040075966;82.30345351858853
207;623;190.1876029658725;84.02367802928126
208;432;262.2062459154098;86.46568015451777
209;598;165.58806120617987;87.27017012538653
210;679;198.65202844570862;89.30068803382366
211;580;199.97676229697854;90.81287336437026
212;750;78.09787291760875;91.5813158556133
213;750;27.218184897360246;91.76365626845785
214;516;170.74235278272633;93.47356682418086
215;750;54.338249899480516;94.16413774869126
216;750;60.942275693827376;94.47993251268743
217;581;241.24475528861615;96.7303417840007
218;434;246.23895182573415;98.91061904610979
219;513;213.17782922863591;101.22913044752516
220;440;228.08409876040886;103.23858709347628
221;428;253.52775136336518;105.60453974515856
222;750;81.96219191874494;106.02221497676197
223;750;54.460856819339185;106.04695267197907
224;750;92.34019715207883;106.8927926642971
225;730;205.3128495420935;108.94285317297677
226;629;223.85416345565346;110.99710483508161
227;457;199.03186914632306;112.55453926420827
228;716;232.48183824302322;114.64095355547384
229;750;29.96494527071746;114.94443415106825
230;314;257.61642986819356;117.27731768929478
231;402;241.24939012806882;119.48895433843927
232;293;243.48027374624962;121.64541782077654
233;337;240.11880140839205;123.62350609201454
234;454;264.25012814081356;126.09227170255144
235;460;277.54615941789325;128.734902183488
236;408;265.74881821560274;131.00847526903735
237;750;65.24034995084455;131.58549216867675
238;750;74.8148484043113;132.2511946740514
239;688;215.48331776368744;134.18708800084767
240;386;246.40667702791063;136.15886696550496
241;652;217.4686428246638;135.83944538380433
242;457;213.20665655301855;137.61097191542257
243;750;74.33180098100395;137.3478577766956
244;750;55.254270235983874;137.1693196573213
245;415;250.09460879918984;138.33720871380686
246;750;27.828277818744194;138.25891580606879
247;554;200.09364598860205;139.56293084372058
248;750;32.2973577845526;138.46866053663555
249;750;15.9451339548039;138.99407187024275
250;750;35.70720591990481;137.09941603034474
251;750;8.478979987048978;136.7177619535235
252;526;219.56057373802477;138.69465248167617
253;750;-0.33542790136958844;136.26141014110087
254;750;58.51048569350268;134.83159281173153
255;750;17.94960550242869;134.46053607714128
256;750;18.464609033566738;134.32293048603714
257;750;43.61076408162588;134.26492124680507
258;750;66.28425817805567;133.93853259969967
259;750;43.34127508995134;132.17638109620887
260;656;232.34105865824787;132.26234019737132
261;510;228.8085906887809;134.4187894927194
262;750;41.10794261648896;132.36733807569925
263;366;282.7220614667438;132.42722512565783
264;463;179.41617313230313;131.77650619521685
265;750;17.83317331613318;130.24759870529465
266;750;16.63563639609124;130.25688033797394
267;750;16.605264678875336;128.10897071176768
268;750;35.166846441042274;129.19919728947883
269;750;25.379953534960638;129.22996128683792
270;632;163.47308081909495;128.75981960222396
271;750;40.85447678228777;126.40624788874331
272;750;62.87177445206251;124.59701971006058
273;750;37.34397047133471;122.97130190787408
274;750;25.1820013622954;123.2743474106206
275;405;268.46526790515657;125.89314494743407
276;750;42.72622780002927;126.03364297469993
277;581;-25.635901854665875;125.59538135950521
278;473;264.9149059140119;125.67357164451691
279;750;31.11954786120742;125.71935268269505
280;608;185.22707918665864;127.31346607925823
281;750;44.46613111390114;127.19966237353724
282;750;44.863181441176735;127.0818214640851
283;750;43.56067151395694;127.20394433623335
284;750;55.72462625350785;125.62478621672426
285;469;208.02988772271055;127.4718580501139
286;750;18.679108063510697;126.81493591215109
287;750;68.07100445980292;127.23177136538217
288;750;56.23122885107781;127.90274198012565
289;671;209.15910163450425;127.97862518647116
290;750;10.22444983085642;127.47034249998075
291;560;185.79219824268682;127.26033916933102
292;455;233.66312030831818;127.25397031242125
293;750;64.84920039763274;128.32493659599996
294;609;193.13677338607036;128.15101307834985
295;750;52.05694274348625;126.31411897571235
296;750;47.205358088216684;125.64801150905947
297;750;26.852198003915724;125.38366961328768
298;601;206.11826008754406;126.60020764059617
299;746;179.3290114236774;128.05055388091267
300;750;22.188773016284067;126.34502939096434
301;750;19.536392785662144;126.16902190588752
302;750;41.64888895936144;126.05271509805605
303;750;69.34587561787302;124.62435580797617
304;750;63.76980956482158;122.69361464131649
305;750;40.43444325046625;121.54148725768913
306;330;240.12421597658778;123.17299837737905
307;389;242.61285638977185;123.69725091161803
308;750;56.24086532009103;121.63759710566484
309;429;208.33376082428464;122.06505410184589
310;750;70.02051128035052;120.7787389301923
311;750;78.09972192420246;119.55996852646454
312;750;-1.759175952817705;118.76139803776029
313;750;-3.251671978885104;118.45669946899783
314;750;30.201020433609845;117.05128614550668
315;750;37.49077559853072;116.88281140249717
316;750;65.52365751819396;116.92862522074083
317;750;58.28556124001989;115.09903328025489
318;750;71.16210717831389;113.34826483378069
319;750;63.412388629427156;111.8506104277886
320;750;11.642841873658046;109.68619785892108
321;750;71.19949470075812;107.86291529229501
322;587;209.0316214133992;109.13360958724155
323;448;215.96449893407612;110.74864600838893
324;750;81.83214329016012;110.64356546976974
325;507;225.29206545795546;110.84335762892835
326;486;244.55479895853966;111.05036398395721
327;750;75.73781423040018;109.817423434798
328;750;56.986576989612146;108.06247082226389
329;692;193.9805693624091;109.70262706318081
330;570;231.75714712797833;109.44403423577863
331;750;53.91364216167155;107.57067675611466
332;486;244.87908390204103;107.58466485767258
333;464;213.60441059311844;107.31952094951984
334;526;253.88304006267006;107.21585006873842
335;347;215.29951468393213;106.5933836213988
336;328;230.11106181795466;106.23700605742233
337;348;247.50420602328694;108.05964461814673
338;448;258.6454454641532;109.89795058874518
339;383;261.68692159926036;110.3599866271009
340;750;19.19148202484099;108.0878346770702
341;675;203.62892982926508;107.94943754711622
342;452;238.44652523174776;108.2018362339035
343;488;255.23684627109049;110.01088668680437
344;579;240.39714861764864;111.86231547062101
345;444;258.5510357129417;111.94687973975853
346;479;212.45758295787635;113.79317279114986
347;750;31.199055309358073;112.10422688435742
348;527;203.43416284747326;113.81559493498662
349;520;235.45816876000083;116.0107252830386
350;332;239.41296014942702;118.04778282533381
351;750;21.390385276219718;118.17689687822552
352;369;248.48849624482543;118.46617610329355
353;553;245.49504647466654;120.92448084705389
354;435;235.47311537537553;122.6941071438726
355;750;38.74576987013911;122.90206878754972
356;750;51.096885117413436;123.22839154838817
357;750;54.36832151512636;123.33596712272319
358;448;235.29658220645624;125.02609036300719
359;514;225.5801090250616;126.84847870235829
360;485;249.23624589837704;127.0174305747596
361;750;34.54075316324346;125.07475219950422
362;750;28.233596743985625;124.94600874077918
363;425;241.9416033577316;124.53820415968907
364;436;234.76390310432;125.09168145940923
365;462;241.03283521992608;127.32367807844716
366;419;240.06965860326585;129.5580183005189
367;336;237.9722017655268;131.77168767138542
368;743;186.68149231744718;133.2868341301495
369;750;64.09383050934932;133.67397289989336
370;509;199.02890615556072;134.029531153258
371;489;221.68442385646375;135.8378306239998
372;517;250.9342251016066;137.71845513049522
373;750;11.46344526452025;137.4596498784271
374;629;233.08095946630547;139.53863945946716
375;467;242.6410272773161;139.28039705318878
376;342;225.49449574466774;141.10807973263516
377;475;157.61254213514974;142.9405641725333
378;336;255.34575316637367;142.84487264505694
379;433;243.5456796741715;144.96913396318658
380;375;193.1557953226784;145.0484211245468
381;312;242.67691859086366;147.0305289993164
382;326;263.957365188434;149.22147083678897
383;460;-25.403502527530335;148.53182909637408
384;741;159.19337400091973;149.5665165738482
385;510;198.95081548488577;149.47572585146997
386;488;240.12178809018866;151.69015265173675
387;420;208.66837820153876;153.09612638915408
388;439;2.028670063543501;152.55410080127876
389;426;198.7972522492908;152.45048230742663
390;446;250.0384648668946;154.848622457787
391;750;85.02899762216126;153.84099045158175
392;750;-14.74493283010565;151.3569099201975
393;389;172.65652528875847;152.4349831691088
394;372;195.69456723109226;152.46056110755902
395;294;251.32778638738372;154.45326954399795
396;565;149.8567852793994;155.47978381590977
397;475;243.98581593425345;157.65111999521315
398;461;269.4695408669119;158.28463280300684
399;635;231.47916595125233;158.8061343482826
400;496;246.3077735576043;161.0473243536958
401;365;-1.4022690619046188;160.83793773522012
402;389;191.34961026170112;162.33494494824353
403;500;162.79040020531014;163.2693901941179
404;597;256.7412068464108;165.1991041669338
405;350;260.8408588824925;167.40316832325402
406;415;229.42631146520313;167.2961892781402
407;360;218.7609271851476;167.05766998609397
408;371;267.8289018523385;169.17355035141645
409;309;230.9557080840951;169.39976982401456
410;386;272.70769803234714;171.42664169153454
411;343;242.53674282994768;173.071011900592
412;370;266.3556579926245;175.75216024004644
413;388;261.6596100965749;178.40127306080103
414;478;207.657736679461;180.1758402232595
415;299;185.8203220096479;181.65913568737068
416;394;272.66618472519735;183.7305609594407
417;428;235.1796608385827;185.49950195542635
418;295;231.4674153894252;187.10255503753746
419;478;239.39521576907617;188.86238330893394
420;428;202.65337289956796;190.77248861919307
421;500;205.13814315339553;192.11187510371943
422;343;248.61040941464563;192.5076629837319
423;549;218.46596388782115;192.53267763326934
424;77;-48.28350318430251;191.2315211685247
425;290;225.58055202818025;191.234406034227
426;288;14.833410363569854;188.93719214827723
427;483;235.90349728221756;190.53884897879544
428;452;-37.87130184386465;189.59027019046064
429;445;237.50640113656883;190.02552850820226
430;368;-12.194307955220069;187.5860139573703
431;373;-39.4958449890982;186.65191908586257
432;477;172.15877771813683;185.92471602402355
433;395;243.9366745343141;186.2280386634355
434;405;226.74883336062686;185.95669659641507
435;497;204.5710416010652;185.84941186558638
436;649;151.87856836830184;185.06708693108988
437;483;-47.05341999075108;182.1215106709495
438;446;190.03898090648283;181.4354460253728
439;750;-58.042740942604745;178.23814939995412
440;638;204.78764232733985;180.09411100297916
441;423;215.4907739920721;180.21272944460722
442;478;198.49463217280652;179.81321051401778
443;592;202.71591711650444;179.28800122247193
444;78;-17.07126131390075;176.71331712315646
445;437;-78.9236727054698;173.3385700389723
446;125;-19.444671429074646;171.01954749510278
447;188;-164.44003284275882;169.06315661358158
448;508;218.84963035540557;169.21731128866094
449;88;67.5380281008733;167.53810988206965
450;456;213.1152595537289;167.27513287611265
451;335;231.3920595646962;169.37514961899743
452;194;-67.49671562043422;166.21529750034483
453;464;196.3433413812885;165.72378044941107
454;582;230.3318088557995;165.67236738421533
455;153;42.08254711930354;165.70573515670694
456;444;200.58297700962186;167.20059607562905
457;350;276.2150132730878;169.41906299320866
458;115;-94.27062287535983;166.1233909423905
459;70;-102.98110183337629;162.8377788338061
460;144;11.727533541983249;160.46269171024218
461;359;251.34144637770476;162.6306986423868
462;362;273.39107546562514;165.0822734296032
463;250;234.50592508330905;165.00791664685897
464;215;9.424772582590833;162.75452534164168
465;62;-104.24218041418351;159.30177518530058
466;70;-55.52613632649775;156.34581723600294
467;248;40.28205400940985;154.36891575844177
468;68;-46.74073071564807;152.0346935281108
469;365;278.5692260328892;154.17944748334622
470;140;-11.635804539671014;152.0728003763939
471;77;-41.83858878861568;149.43757024994312
472;240;6.377553196997226;146.99200353089702
473;310;248.8070041497399;149.36543911974923
474;75;-37.572979198061915;146.65889973310556
475;518;272.0816771329915;146.9533062316623
476;390;246.57376763020036;147.16409895051763
477;319;289.7073442974949;148.48504697214108
478;272;223.42082779761023;148.16579771845346
479;77;41.64880597846255;146.14682898149636
480;426;273.7030099538639;146.9523011278082
481;130;2.824293048251306;144.55377487238206
482;108;-174.1058138747742;140.17314308175
483;304;2.58407523984998;140.45301885942382
484;237;262.5184138890692;141.4862692583053
485;213;-7.6336639378645685;139.4204244640778
486;101;-28.56416428186013;136.7335649403573
487;280;277.620142261625;137.42308258095815
488;287;232.24312522150205;139.72522713253775
489;446;266.2122290216092;140.39937690026093
490;278;241.48426902320168;140.313834941824
491;363;241.82465819044455;141.88179154750685
492;350;223.79160815049204;144.2671569573128
493;293;269.3111382819797;145.23370308724503
494;353;267.3711198228235;145.95046861316234
495;174;11.835773159248816;143.555548480881
496;309;179.4039737333099;143.8510203654201
497;375;274.0407865819483;144.15157007189705
498;290;266.799037391843;144.12486503714638
499;398;252.57528407317605;144.3358262183656
500;247;238.06116510406505;144.25336013383023
501;308;231.78271170934465;146.58520994154273
502;442;186.71319013335847;146.5388457402593
503;271;252.09837685285925;147.43192550673479
504;288;283.232795703378;147.69684139530446
505;305;271.0362087748062;147.7987948942276
506;240;40.11612213377458;145.90569300091332
507;291;-34.622531183813436;143.3718584172237
508;346;221.23489009955318;142.90591829969583
509;431;264.202826886135;143.23838948771626
510;373;204.63815322674293;142.5576940396602
511;347;235.525639519347;142.4875830065542
512;414;239.0170876140227;142.21419730276818
513;198;46.08401419670835;140.05844134376952
514;139;41.147461532740834;138.3933385923023
515;435;233.99332714108692;138.8750686436167
516;300;-59.20725789369966;135.55633421742772
517;253;238.2524765330499;135.5870623743724
518;559;180.496647545604;135.0773546959342
519;324;-88.17537423243658;131.80164879591905
520;144;6.698057991215265;129.84209564683553
521;283;-0.19507434202023433;127.78876347188138
522;377;245.69655267312874;127.7596249044662
523;491;242.47322740468346;127.99969753963484
524;97;-4.2339200301971545;128.4401933711759
525;269;15.996460641981145;126.34435245731389
526;562;190.13575637008938;128.09737591737908
527;535;189.05350382850145;127.62887598284193
528;319;246.86502538513537;130.47623925513193
529;348;271.8546669407405;130.81972191317362
530;276;292.2568605410057;133.8642335981359
531;113;-54.88459007913116;133.71034614723558
532;443;194.20618661234585;133.93082023617768
533;252;303.5926333758955;134.52737982459348
534;384;278.229993239755;135.04219142338476
535;389;244.31888244438522;135.43966983181795
536;561;227.1614062818694;136.19249821095363
537;331;253.6282987306555;139.1993153981677
538;350;279.28291143034363;140.0917547034063
539;367;245.12079409554306;143.1233900537878
540;509;-63.10082752088282;140.44450535530555
541;357;253.73429898438422;140.82694060522869
542;328;227.2008809931508;141.1140030934321
543;592;233.7493118725174;141.42433704099224
544;312;244.91520275259407;144.04420168165723
545;387;252.73140468145962;147.3607524555265
546;368;239.93091006781003;149.95450827049535
547;373;227.09859941779115;153.86989459310084
548;272;5.391692629071002;151.73531521583752
549;540;237.78043857626758;153.43773932059142
550;345;228.03654087820397;153.5869521338362
551;362;234.38691464806456;153.6169006846699
552;457;250.52588172426044;156.79712665811684
553;455;262.0238448150768;157.45393169245472
554;738;188.31141102290994;157.0337277141258
555;531;194.86889024575845;158.56159114539037
556;385;233.81515700594144;158.89391294535355
557;539;199.15680646292626;158.12333087725193
558;448;269.8701177382993;161.7647382833885
559;456;239.0755848342242;165.18530515006452
560;531;234.7579790292614;167.41560960493732
561;553;218.64216895658836;167.08861683072612
562;649;144.32617051079234;165.7979677811778
563;401;248.7888802142275;165.940797332487
564;494;170.49921318028916;167.55154173846395
565;750;67.17579977194805;169.26572154032527
566;750;35.037308968365984;170.17135599327395
567;642;220.9318129801715;171.97785358298154
568;359;267.15640508324003;175.11682494097045
569;555;204.5519528190239;174.3766522088318
570;723;199.98949829836448;176.49290523721214
571;434;208.91268118629037;179.0004179369612
572;607;240.14844894624605;181.3381268944537
573;344;261.7779825867741;181.46783667882406
574;387;270.26332946830007;184.54619976548764
575;245;73.22854716322206;182.55766846578993
576;515;237.93277218710452;182.471258511359
577;324;226.15937589474493;181.8357788273315
578;689;184.45689680828207;181.4461395174382
579;369;221.2618427601883;183.2422698852555
580;750;81.69006982460806;181.3221404839629
581;236;58.15434185346254;181.875440972015
582;312;264.44632828136963;186.26096239357645
583;471;250.79827577859956;188.74310439896396
584;377;222.5889137890322;188.34380939796358
585;124;27.474713051113866;188.69489316785337
586;201;55.83530905674249;189.5388879012394
587;301;279.66247836242337;189.5593112622474
588;300;242.16883564444953;189.65856836647686
589;452;274.9553842426984;189.74599991868777
590;253;252.16876985491695;189.85284492700492
591;343;259.21770842877095;190.02677542938818
592;278;272.7411888860854;190.5162712367441
593;303;235.32567784719737;190.1764166323963
594;240;260.368546887634;190.10639090304437
595;102;-35.971001715008455;189.6283231543018
596;557;235.8003913968554;190.19228733093726
597;288;276.9304263405981;190.22118372852376
598;294;266.5205000648968;190.2183983552543
599;330;284.4189127666397;190.53683464218892
600;284;238.64189753319337;190.54264196648018
601;456;253.88006418629672;190.76361549124974
602;225;30.338992468381264;189.19987351459997
603;109;-78.89139307353042;185.88997581533607
604;520;247.7236054431089;185.53488391273333
605;483;216.18542005700286;184.98637602555536
606;219;21.793003936195802;184.8031448435796
607;337;258.7912863892404;187.73728301931013
608;338;271.12623780026286;188.2361964963172
609;247;215.81413782228967;187.75230960567876
610;261;257.2332529033933;188.27826060244527
611;286;257.88010264875123;188.50180523373928
612;254;247.370480438105;188.58533916198007
613;297;267.46220990597476;190.79912111907277
614;283;289.02068365963964;193.27785334034175
615;356;244.71799962910328;193.38510006522193
616;217;253.91670831536013;196.51633972731253
617;233;263.4838890734287;196.7686538527163
618;249;263.67683877939356;197.60045576505422
619;349;255.44914492367283;201.0367009566153
620;286;249.87039253588634;203.468424302062
621;488;260.9465760280417;206.07984080576264
622;341;254.27375325656928;206.16561281159701
623;235;234.69077093410172;206.08778824689122
624;138;57.59814981091699;206.70610894530233
625;248;16.085033719350022;206.70699467607602
626;293;254.68140110062902;207.35245112338143
627;359;229.604401556488;207.7579601006613
628;233;249.50826111436157;207.78439245795357
629;292;288.08059587523417;207.9466517472985
630;282;301.2353200600979;208.03643634248942
631;379;260.6757711651326;211.19203995493206
632;305;232.15420517275192;211.5715201405361
633;373;269.29131271096105;211.2285069338868
634;269;-6.086189873186839;208.38534510275736
635;360;272.89264048137886;208.6710826831273
636;291;235.90660012174786;208.75853462152608
637;275;284.1628455646169;209.0638800898657
638;328;277.73312417996544;209.0483822173619
639;248;230.00970147903575;208.89727129119686
640;337;288.2778096984062;212.41105766338973
641;461;272.57073366817696;212.59942201022767
642;277;244.58243528737745;212.77323755316993
643;249;248.36955317484203;212.91943996619318
644;555;233.38543677711078;212.80414230643834
645;352;275.85011489866406;213.03532940861038
646;242;261.7552995696444;213.25357330362874
647;278;287.6957214808974;213.85954452425977
648;302;246.4362877057893;216.26999047502693
649;295;282.8083202051202;216.7202692913155
650;271;281.02943770195645;217.250198259553
651;275;201.60810633420644;216.92241017641442
652;273;274.3565679959148;217.160717039131
653;268;255.37610511378895;217.09423964211808
654;377;269.16919021690205;217.90281743405802
655;257;287.416356585466;218.8282920974551
656;292;265.87697532975596;219.14891028069323
657;266;294.0380413534141;220.09772262959814
658;259;260.0401705698099;219.9994231579132
659;303;229.33215936834154;219.9019889032544
660;271;273.6855491433436;220.29126460439525
661;144;20.067918558913448;218.30552210041844
662;296;259.59541507268045;219.45821454603734
663;342;259.22703160533615;219.56259605994848
664;342;266.3148422436584;220.52075235058214
665;273;265.8696213696618;222.5076905665593
666;282;241.3298681709677;224.5706161585853
667;195;38.80070925409629;222.74930512132454
668;360;282.26006471120485;222.90034171760416
669;332;261.3443519602624;223.46826570901655
670;298;259.46008228567734;224.0629715488897
671;320;258.09451305545485;224.55478986758135
672;533;197.9413683487728;224.13271906160662
673;338;267.9830499009908;224.1947697347488
674;265;237.83745245846046;223.87051096465038
675;324;252.99962741857928;225.668221767204
676;252;262.0149405078338;225.90904345041127
677;312;259.69382629726965;226.2443879544365
678;602;241.10149463780553;226.81083393273173
679;295;269.037735009621;227.28859285522606
680;245;254.9519599075776;229.02121175605575
681;171;82.1086022204149;229.26075435972524
682;334;252.11377425239638;229.1374288194355
683;214;237.92877704408414;229.00873383209037
684;432;251.6299714377582;229.29914440857763
685;270;266.0420999569282;231.6848182776358
686;388;267.716015259607;233.80362533966442
687;346;277.89438007810963;233.78594435682126
688;387;239.52084113215494;233.75946441169836
689;536;213.96819474343224;233.14959251670567
690;548;226.13631358362215;232.88926795399274
691;308;242.9185014931222;232.72627588463627
692;505;211.12377251564052;232.11010172093182
693;617;221.24752744505534;231.96932021691043
694;488;253.9192358289581;231.90482710632364
695;634;168.56409999945527;233.95017812346828
696;606;200.83382786632643;233.60051248816296
697;511;247.27277080686557;233.30393593282565
698;603;236.25150314716979;233.0012459636484
699;415;229.1961723321785;232.4490185593038
700;626;221.62460033732094;232.27884558734505
701;405;253.23513997330525;232.27239634521516
702;446;276.1663821551181;234.7306702420825
703;750;28.85437934050969;235.80812796622294
704;750;56.740913499639575;233.89830104678825
705;750;61.350299409595365;232.34994984031414
706;750;42.21327944935226;232.55415259544571
707;703;175.82744737998834;231.7245142053532
708;433;270.6206528394761;231.7194583557453
709;326;286.8580960117513;232.42989793764
710;315;269.2622837339952;232.55018824594598
711;410;259.5687890479891;232.56707510993834
712;401;255.10784438049794;232.64444874936228
713;295;267.1686088935158;232.6415127392377
714;306;236.41674142356752;232.11547331687697
715;218;236.90258444543855;232.03731916504032
716;268;240.67837675588336;231.90493584944554
717;320;251.6943293517288;231.78704025222854
718;463;231.3766036670752;231.4640379011054
719;399;265.6325366023093;231.56587181789175
720;385;261.56268603812094;231.68279475291408
721;419;221.19225805133254;231.285251573147
722;284;272.9057872942916;231.4715719135242
723;326;223.84614572829568;231.36312566146614
724;479;225.1699297069864;233.03884346042685
725;433;234.44136148055406;235.22240673803887
726;717;220.84193778706918;234.8840121049033
727;284;289.12332491935143;235.47920133853194
728;455;230.0890682478069;235.2850094098664
729;327;256.1990529242994;234.96619398035705
730;221;305.9453786523444;235.0132945662795
731;266;287.2161963371012;235.27869881799919
732;383;267.40198685429823;235.6311766348146
733;276;224.43947059768618;235.1826582136819
734;291;232.04699744216504;237.5639900868354
735;485;192.4249404042917;236.75931308606457
736;283;281.71642549406164;237.21741133978767
737;288;257.47590649481805;236.95054194908968
738;303;217.96507144054522;236.35286142169548
739;750;85.34753404175645;234.9062397473227
740;258;284.9326162857287;234.8727878131959
741;378;229.23591230339767;234.43943959954814
742;288;221.356487888517;234.20718012555955
743;386;215.96033024258372;233.88308789623693
744;266;280.69730810854;234.35620660955124
745;363;226.1093916004873;233.85879937656944
746;237;258.96855750546456;233.83093195592767
747;281;260.4039565036518;233.55801430615523
748;238;245.09131315829137;233.54456456068021
749;298;246.2695225769497;233.17917658439853
750;270;281.6189486428792;233.18507169380777
751;281;259.48461488371856;233.76383677930286
752;598;178.15562868953072;232.801827386239
753;267;266.05195508257475;232.90858588592687
754;283;272.8025276209329;232.9449192599672
755;250;278.526514295549;232.85602083706803
756;201;29.804238583530065;230.49529346960574
757;409;250.3941725005188;230.0588547810768
758;339;282.0055080878833;230.27850815625752
759;415;186.90523711464368;229.85423893372055
760;269;245.4018178370866;229.571401620658
761;307;220.16697091230313;231.5723921441919
762;230;270.74188208755356;231.68385681434063
763;254;307.4159832149022;232.1657463304363
764;258;233.24812717366763;231.8350791797364
765;266;280.7515389710937;231.9838983557507
766;254;280.6509161209062;232.3771088352501
767;370;264.5223522741369;234.63432526545049
768;146;67.05963731568761;232.48232099149533
769;324;267.30034039199643;232.54188087581267
770;128;66.33020688125524;230.61058212176846
771;186;57.524346526212696;228.60488045647602
772;264;295.2487628625338;229.57795440161365
773;281;293.0278305993827;229.82840220859754
774;235;259.46827528123515;230.0447104368253
775;287;279.5649469858371;230.31036363249785
776;222;13.397391790833964;227.82418814532787
777;284;245.94240673363558;227.68667394969154
778;343;283.24219524741943;228.10808095578767
779;272;236.509728964112;227.78280089533257
780;332;286.30054851407385;228.09628678139757
781;225;31.72808074883062;227.5924815666817
782;360;253.09105147630032;227.60225433892074
783;351;252.62484236552405;227.74921499213517
784;338;234.70245507367906;227.57993982849436
785;405;230.30364966963276;227.22255532562139
786;367;282.5176845921584;227.37057201894692
787;285;252.82702817691256;227.11989849993495
788;345;241.51165838052492;227.13980667241864
789;179;11.181498230109185;225.11193970728542
790;250;264.3877555855865;225.49445412730503
791;539;235.9935365024541;225.42520447739835
792;278;281.7752229101444;226.13171898134337
793;274;230.22089994914353;226.22145270638427
794;549;221.38435384915314;225.89610388658622
795;319;276.9008268503902;226.97947115509555
796;263;295.6033008212038;227.92716588464435
797;285;245.79974689853066;227.91243564556098
798;328;263.13647100096307;228.1812853240989
799;344;283.7659787014356;228.72698338779145
800;390;248.36715518974884;228.99440893631575
801;329;277.3998620861505;229.23605615744418
802;449;244.93143207516871;228.92370665664473
803;334;254.6945038513638;231.18210790175326
804;231;261.78177822971486;233.23251654905397
805;282;233.51931428567715;234.9542066978148
806;279;269.3987419587944;237.22606132290923
807;263;262.2494349100291;238.09028119820962
808;331;245.44555075500062;237.83853017736487
809;387;262.39485528094303;237.5938977700568
810;400;237.5032242173989;237.27630717489083
811;349;224.729649550135;236.9279157799123
812;272;273.3563233312841;237.11040056942016
813;383;6.878257759685823;234.50749705808187
814;364;265.43121317576265;234.79764177560384
815;334;255.962399299523;234.98823992414466
816;442;246.01418444878692;235.04159800107374
817;258;225.70941415873284;234.78174884914378
818;232;270.5680238123816;235.17366305059682
819;351;215.63138972055694;234.67365158177927
820;232;248.63740500102654;234.54439877140834
821;360;224.1225376663328;234.57370156755832
822;333;244.67505290597734;234.29139422367518
823;234;36.570338746994594;232.41863615386217
824;468;207.69712428838005;232.2439080996761
825;737;209.76908396403;231.99718532451087
826;201;13.175127650177075;229.92051722314193
827;291;278.3650504838659;229.8129344787871
828;294;245.3990742467783;229.9660345387768
829;339;221.51294412166027;229.61917345075042
830;417;226.5287472973895;228.82500713720088
831;329;236.73922139640547;228.32023738779392
832;337;215.79104863478727;227.80412800559884
833;265;282.5120919559288;228.38485421918125
834;292;223.0165811171621;228.29455005593124
835;346;251.7911566614891;228.88821221850318
836;347;215.54838251906835;228.22653178875328
837;238;254.64285907344347;228.19820131453946
838;168;59.88415524195409;226.61739215255358
839;309;235.00234610302132;228.11394027316624
840;420;232.96081279753483;227.59422223828426
841;293;234.10496230093528;227.64291273825967
842;309;271.7528943110451;228.14687680248494
843;237;213.59381074390424;228.12321160749815
844;217;27.038882576366618;225.5866273521764
845;214;272.67934908210646;226.0523269269926
846;530;230.84762481655565;225.7711176001035
847;303;264.50463232652;225.8121243583322
848;421;251.66774668205545;225.87788869356984
849;279;262.9611143938664;226.044804611739
850;460;223.20561126790906;225.4606712379893
851;259;278.7576897616076;225.65340198676822
852;263;267.220623391655;226.54405193378946
853;222;299.53057696036973;226.8788381525674
854;315;266.69208543652417;226.81773373072335
855;365;257.74902512449853;226.60995883901285
856;273;287.0378353320691;229.18229480649822
857;347;235.8839854395298;229.0371929358883
858;345;281.9214205227893;229.03635206023736
859;165;84.18484560766561;228.00914814516761
860;257;233.61222812494287;227.89125224804616
861;219;253.36208001808166;228.22320333910392
862;385;258.21983877451817;228.0979829059736
863;349;279.85860505699816;227.82240912439454
864;141;49.79116596118189;225.9878395122697
865;374;270.4557388980385;225.88488151153913
866;283;266.86157040350633;225.7469880543651
867;387;254.75860956370857;225.64935062726082
868;229;270.2188287080032;227.68094254118398
869;376;249.01293342766908;227.4980684715407
870;303;247.46555715048962;229.3094219742331
871;296;247.00524834819203;231.20423099245286
872;438;246.0997743660767;230.71274110748828
873;195;22.974130083737307;228.01220410233185
874;158;53.42561801278538;225.95177752964736
875;127;16.608846309865186;223.32221652288766
876;502;209.01083683926527;225.27835097337197
877;268;255.28093808719447;225.37173628690755
878;257;235.7776324086543;224.8970906585199
879;219;268.0577407235347;225.21257077611412
880;374;260.00435392023894;224.94960883017578
881;487;204.6939439821239;226.67926746250868
882;281;267.7582743917193;226.82593969166285
883;273;222.39798012461827;226.52367106925382
884;259;232.045897226494;226.497105490782
885;142;25.97012980679834;224.45377029215365
886;162;22.375075017181686;221.85234419640386
887;173;10.171531977283806;219.42578923440757
888;227;-19.71508467032531;216.81352180389905
889;158;6.15308891501391;216.76323771074814
890;190;21.15792144036378;214.3309393692959
891;186;0.7856030127294531;211.97886003439868
892;280;289.9760996207371;212.0608688015046
893;135;10.21630747458974;209.86082287675904
894;165;19.729092259761728;207.84427026086516
895;402;211.9196696672909;207.19445868903415
896;358;251.2571028874707;206.7509967096968
897;457;195.97779460296795;206.25277718674118
898;313;261.2891135428315;206.2343036121599
899;593;232.54663639977062;205.72211018914325
900;213;247.22745292532636;205.710713166499
901;241;249.6079837533792;205.43279438317128
902;339;246.55340869490414;205.44901414936862
903;317;286.2356722895913;205.7644258337509
904;280;276.2948513845487;205.90955656529925
905;200;36.5338249159895;203.9397016716024
906;344;239.37999192432898;203.63951417125773
907;421;213.49236968160835;203.15194351897352
908;333;217.28324239301045;202.87032043535362
909;168;32.98597732478697;200.57623165579204
910;469;285.53878455659503;201.05658725918403
911;595;209.96134252885858;200.90890418897123
912;263;287.8463112080485;201.0538040677389
913;750;72.53431442365851;201.7103646343786
914;364;207.23762534052804;201.1284287560263
915;419;220.6704265682232;200.7755090287133
916;297;274.3539556784605;201.05890674101002
917;287;242.8410360216127;201.2302229596388
918;396;224.76806715331813;200.7722233930482
919;231;290.11237485873187;201.51703324442994
920;264;286.47986512085106;201.89545784562816
921;600;187.39230244719272;201.52815549343674
922;635;221.2075949115751;201.29348091349274
923;332;240.06127314694504;203.32839025749226
924;270;275.2028314588432;204.0034473291969
925;281;244.91847262549555;204.35494121581152
926;266;283.4043177940158;207.0572331172499
927;258;260.7078909956007;206.88066152236726
928;282;247.51855793507434;206.9018563592502
929;430;244.98905731989305;207.13661749123253
930;301;216.4026152237301;207.03535617049593
931;304;220.58285900888956;206.8737925466208
932;352;242.19960364439913;207.13787809671692
933;542;270.04388932120787;207.0131960703697
934;750;86.99298701065781;205.65296012930466
935;201;-399.87908512191984;199.13625771147056
936;422;247.24528131941324;199.453226699474
937;201;25.573794837179662;197.1625360571114
938;197;13.83065625948656;196.7020010672867
939;339;207.22911447733432;196.42426875102984
940;288;229.49026289146434;196.38956325196915
941;750;32.47541140777406;194.37326774303753
942;412;207.46065494853073;193.73034534941243
943;291;40.99678148366044;192.00437505680995
944;750;63.1627139706865;192.36561337075312
945;218;278.403774037159;192.42285762030366
946;509;216.71977263598353;192.28157909849793
947;750;12.88000693453021;189.76533284457804
948;271;248.34745255534264;189.73212990331092
949;281;257.20725104727455;189.674591269845
950;383;230.91317885956178;189.75166694576154
951;698;258.10093246911856;189.54509937283666
952;519;238.71352212444776;189.26002836016457
953;419;252.68546359579858;188.79157722651888
954;272;251.7837166558823;188.64249353871247
955;329;236.84006099703916;188.43340389743787
956;251;245.130703947274;188.0143325835899
957;279;263.81868215438385;188.2936795507384
958;331;251.88444313314145;187.99330977684195
959;514;212.54260458267933;189.2768873665921
960;275;260.2432067589427;189.54319715293212
961;303;224.4527648517875;189.25410400126916
962;365;236.28337508868663;189.03473936441085
963;190;36.4531658555224;186.6006849723961
964;263;262.99272321463604;188.73270054493062
965;318;261.91390677044416;188.64728222365466
966;283;266.95330187847776;188.64819953840436
967;272;240.4788996714966;188.50540243948225
968;277;278.8248669773408;188.59146282217563
969;321;254.54407741136436;188.6467742620126
970;311;279.824164285804;188.97036033336576
971;311;209.35566517702458;188.59386450165405
972;401;236.01647122315453;188.49303147022485
973;307;243.25762144318492;190.69586638381935
974;303;259.2163102896967;192.75377330658844
975;297;268.5157180184566;195.27284202367434
976;336;270.0682974240031;195.88341662952172
977;512;270.3987192005555;196.0345944406553
978;369;235.2444074123065;196.02926219069184
979;239;270.2546771931468;196.05123155538797
980;364;234.19593058824015;195.793147322068
981;330;258.96089923799616;196.33581687462672
982;313;251.92813836875763;196.17751551439713
983;627;205.06124781987302;196.00414819134966
984;229;292.12330853679987;196.60492230445274
985;427;206.54732696325192;198.41069427601727
986;563;283.7055742108058;201.0239992679535
987;372;217.545547362077;203.0977394218014
988;305;271.19046016882635;206.00679487019295
989;320;272.71860739179886;208.67245005496076
990;295;227.86441534878685;210.73951499404498
991;282;272.6289454230948;213.45794841814867
992;330;262.07148368080954;213.17890225874942
993;330;253.9532830607892;215.61627201461135
994;258;286.24329221697866;218.28141401418358
995;360;203.91979103919078;218.20141522790254
996;327;238.00927981350532;218.0689369971629
997;333;219.808133219124;218.30724038332446
998;293;251.31953970327476;218.2075446449289
999;355;212.69898872620365;218.00906816819324
1000;286;258.7030082349216;218.1238237212892
